<?xml version="1.0" encoding="UTF-8"?>
<!-- Generated by org.testng.reporters.JUnitReportReporter -->
<testsuite hostname="DESKTOP-03G084C" failures="0" tests="1" name="Testing.Shopee" time="0.020" errors="0" timestamp="2023-04-05T23:17:12 IST" skipped="0">
  <testcase classname="Testing.Shopee" name="Buying" time="0.020"/>
  <system-out/>
</testsuite> <!-- Testing.Shopee -->
